<?xml version="1.0" encoding="UTF-8"?>
<testng-results skipped="0" failed="1" ignored="0" total="4" passed="3">
  <reporter-output>
  </reporter-output>
  <suite name="Suite" duration-ms="20626" started-at="2021-11-17T13:13:14 EET" finished-at="2021-11-17T13:13:34 EET">
    <groups>
    </groups>
    <test name="Validating navigation bar" duration-ms="11452" started-at="2021-11-17T13:13:14 EET" finished-at="2021-11-17T13:13:25 EET">
      <class name="Academy.E2EProject.validateNavigationBar">
        <test-method status="PASS" signature="initialize()[pri:0, instance:Academy.E2EProject.validateNavigationBar@2584b82d]" name="initialize" is-config="true" duration-ms="11362" started-at="2021-11-17T13:13:14 EET" finished-at="2021-11-17T13:13:25 EET">
          <reporter-output>
          </reporter-output>
        </test-method> <!-- initialize -->
        <test-method status="PASS" signature="validateAppNavBar()[pri:0, instance:Academy.E2EProject.validateNavigationBar@2584b82d]" name="validateAppNavBar" duration-ms="34" started-at="2021-11-17T13:13:25 EET" finished-at="2021-11-17T13:13:25 EET">
          <reporter-output>
          </reporter-output>
        </test-method> <!-- validateAppNavBar -->
        <test-method status="PASS" signature="teardown()[pri:0, instance:Academy.E2EProject.validateNavigationBar@2584b82d]" name="teardown" is-config="true" duration-ms="44" started-at="2021-11-17T13:13:25 EET" finished-at="2021-11-17T13:13:25 EET">
          <reporter-output>
          </reporter-output>
        </test-method> <!-- teardown -->
      </class> <!-- Academy.E2EProject.validateNavigationBar -->
    </test> <!-- Validating navigation bar -->
    <test name="Validating user login" duration-ms="16095" started-at="2021-11-17T13:13:14 EET" finished-at="2021-11-17T13:13:30 EET">
      <class name="Academy.E2EProject.MainTest">
        <test-method status="PASS" signature="initialize()[pri:0, instance:Academy.E2EProject.MainTest@5be1d0a4]" name="initialize" is-config="true" duration-ms="2246" started-at="2021-11-17T13:13:14 EET" finished-at="2021-11-17T13:13:16 EET">
          <reporter-output>
          </reporter-output>
        </test-method> <!-- initialize -->
        <test-method status="PASS" signature="basePageNavigation(java.lang.String,java.lang.String,java.lang.String)[pri:0, instance:Academy.E2EProject.MainTest@5be1d0a4]" name="basePageNavigation" duration-ms="11393" started-at="2021-11-17T13:13:16 EET" data-provider="getData" finished-at="2021-11-17T13:13:27 EET">
          <params>
            <param index="0">
              <value>
                <![CDATA[nonrestricteduser@qw.com]]>
              </value>
            </param>
            <param index="1">
              <value>
                <![CDATA[123456]]>
              </value>
            </param>
            <param index="2">
              <value>
                <![CDATA[Restrcited User]]>
              </value>
            </param>
          </params>
          <reporter-output>
          </reporter-output>
        </test-method> <!-- basePageNavigation -->
        <test-method status="PASS" signature="basePageNavigation(java.lang.String,java.lang.String,java.lang.String)[pri:0, instance:Academy.E2EProject.MainTest@5be1d0a4]" name="basePageNavigation" duration-ms="2385" started-at="2021-11-17T13:13:27 EET" data-provider="getData" finished-at="2021-11-17T13:13:30 EET">
          <params>
            <param index="0">
              <value>
                <![CDATA[restricteduser@qw.com]]>
              </value>
            </param>
            <param index="1">
              <value>
                <![CDATA[456788]]>
              </value>
            </param>
            <param index="2">
              <value>
                <![CDATA[Non restricted user]]>
              </value>
            </param>
          </params>
          <reporter-output>
          </reporter-output>
        </test-method> <!-- basePageNavigation -->
        <test-method status="PASS" signature="teardown()[pri:0, instance:Academy.E2EProject.MainTest@5be1d0a4]" name="teardown" is-config="true" duration-ms="30" started-at="2021-11-17T13:13:30 EET" finished-at="2021-11-17T13:13:30 EET">
          <reporter-output>
          </reporter-output>
        </test-method> <!-- teardown -->
      </class> <!-- Academy.E2EProject.MainTest -->
    </test> <!-- Validating user login -->
    <test name="Validating title" duration-ms="20626" started-at="2021-11-17T13:13:14 EET" finished-at="2021-11-17T13:13:34 EET">
      <class name="Academy.E2EProject.validateTitle">
        <test-method status="PASS" signature="initialize()[pri:0, instance:Academy.E2EProject.validateTitle@700fb871]" name="initialize" is-config="true" duration-ms="20293" started-at="2021-11-17T13:13:14 EET" finished-at="2021-11-17T13:13:34 EET">
          <reporter-output>
          </reporter-output>
        </test-method> <!-- initialize -->
        <test-method status="FAIL" signature="validateAppTitle()[pri:0, instance:Academy.E2EProject.validateTitle@700fb871]" name="validateAppTitle" duration-ms="21" started-at="2021-11-17T13:13:34 EET" finished-at="2021-11-17T13:13:34 EET">
          <exception class="java.lang.AssertionError">
            <message>
              <![CDATA[expected [FEATURED aCOURSES] but found [FEATURED COURSES]]]>
            </message>
            <full-stacktrace>
              <![CDATA[java.lang.AssertionError: expected [FEATURED aCOURSES] but found [FEATURED COURSES]
at org.testng.Assert.fail(Assert.java:99)
at org.testng.Assert.failNotEquals(Assert.java:1037)
at org.testng.Assert.assertEqualsImpl(Assert.java:140)
at org.testng.Assert.assertEquals(Assert.java:122)
at org.testng.Assert.assertEquals(Assert.java:629)
at org.testng.Assert.assertEquals(Assert.java:639)
at Academy.E2EProject.validateTitle.validateAppTitle(validateTitle.java:35)
at sun.reflect.NativeMethodAccessorImpl.invoke0(Native Method)
at sun.reflect.NativeMethodAccessorImpl.invoke(NativeMethodAccessorImpl.java:62)
at sun.reflect.DelegatingMethodAccessorImpl.invoke(DelegatingMethodAccessorImpl.java:43)
at java.lang.reflect.Method.invoke(Method.java:498)
at org.testng.internal.MethodInvocationHelper.invokeMethod(MethodInvocationHelper.java:133)
at org.testng.internal.TestInvoker.invokeMethod(TestInvoker.java:598)
at org.testng.internal.TestInvoker.invokeTestMethod(TestInvoker.java:173)
at org.testng.internal.MethodRunner.runInSequence(MethodRunner.java:46)
at org.testng.internal.TestInvoker$MethodInvocationAgent.invoke(TestInvoker.java:824)
at org.testng.internal.TestInvoker.invokeTestMethods(TestInvoker.java:146)
at org.testng.internal.TestMethodWorker.invokeTestMethods(TestMethodWorker.java:146)
at org.testng.internal.TestMethodWorker.run(TestMethodWorker.java:128)
at java.util.ArrayList.forEach(ArrayList.java:1249)
at org.testng.TestRunner.privateRun(TestRunner.java:794)
at org.testng.TestRunner.run(TestRunner.java:596)
at org.testng.SuiteRunner.runTest(SuiteRunner.java:377)
at org.testng.SuiteRunner.access$000(SuiteRunner.java:28)
at org.testng.SuiteRunner$SuiteWorker.run(SuiteRunner.java:418)
at org.testng.internal.thread.ThreadUtil.lambda$execute$0(ThreadUtil.java:64)
at java.util.concurrent.FutureTask.run(FutureTask.java:266)
at java.util.concurrent.ThreadPoolExecutor.runWorker(ThreadPoolExecutor.java:1142)
at java.util.concurrent.ThreadPoolExecutor$Worker.run(ThreadPoolExecutor.java:617)
at java.lang.Thread.run(Thread.java:745)
]]>
            </full-stacktrace>
          </exception> <!-- java.lang.AssertionError -->
          <reporter-output>
          </reporter-output>
        </test-method> <!-- validateAppTitle -->
        <test-method status="PASS" signature="teardown()[pri:0, instance:Academy.E2EProject.validateTitle@700fb871]" name="teardown" is-config="true" duration-ms="38" started-at="2021-11-17T13:13:34 EET" finished-at="2021-11-17T13:13:34 EET">
          <reporter-output>
          </reporter-output>
        </test-method> <!-- teardown -->
      </class> <!-- Academy.E2EProject.validateTitle -->
    </test> <!-- Validating title -->
  </suite> <!-- Suite -->
</testng-results>
