<?xml version="1.0" encoding="UTF-8"?>
<testng-results ignored="0" total="5" passed="4" failed="1" skipped="0">
  <reporter-output>
  </reporter-output>
  <suite started-at="2021-11-17T15:52:08 EET" name="Suite" finished-at="2021-11-17T15:52:25 EET" duration-ms="16601">
    <groups>
    </groups>
    <test started-at="2021-11-17T15:52:08 EET" name="Validating title" finished-at="2021-11-17T15:52:23 EET" duration-ms="15047">
      <class name="Academy.E2EProject.validateTitle">
        <test-method is-config="true" signature="initialize()[pri:0, instance:Academy.E2EProject.validateTitle@610db97e]" started-at="2021-11-17T15:52:08 EET" name="initialize" finished-at="2021-11-17T15:52:23 EET" duration-ms="14814" status="PASS">
          <reporter-output>
          </reporter-output>
        </test-method> <!-- initialize -->
        <test-method signature="validateAppTitle()[pri:0, instance:Academy.E2EProject.validateTitle@610db97e]" started-at="2021-11-17T15:52:23 EET" name="validateAppTitle" finished-at="2021-11-17T15:52:23 EET" duration-ms="27" status="FAIL">
          <exception class="java.lang.AssertionError">
            <message>
              <![CDATA[expected [FEATURED aCOURSES] but found [FEATURED COURSES]]]>
            </message>
            <full-stacktrace>
              <![CDATA[java.lang.AssertionError: expected [FEATURED aCOURSES] but found [FEATURED COURSES]
at org.testng.Assert.fail(Assert.java:99)
at org.testng.Assert.failNotEquals(Assert.java:1037)
at org.testng.Assert.assertEqualsImpl(Assert.java:140)
at org.testng.Assert.assertEquals(Assert.java:122)
at org.testng.Assert.assertEquals(Assert.java:629)
at org.testng.Assert.assertEquals(Assert.java:639)
at Academy.E2EProject.validateTitle.validateAppTitle(validateTitle.java:35)
at java.base/jdk.internal.reflect.NativeMethodAccessorImpl.invoke0(Native Method)
at java.base/jdk.internal.reflect.NativeMethodAccessorImpl.invoke(NativeMethodAccessorImpl.java:78)
at java.base/jdk.internal.reflect.DelegatingMethodAccessorImpl.invoke(DelegatingMethodAccessorImpl.java:43)
at java.base/java.lang.reflect.Method.invoke(Method.java:567)
at org.testng.internal.MethodInvocationHelper.invokeMethod(MethodInvocationHelper.java:133)
at org.testng.internal.TestInvoker.invokeMethod(TestInvoker.java:598)
at org.testng.internal.TestInvoker.invokeTestMethod(TestInvoker.java:173)
at org.testng.internal.MethodRunner.runInSequence(MethodRunner.java:46)
at org.testng.internal.TestInvoker$MethodInvocationAgent.invoke(TestInvoker.java:824)
at org.testng.internal.TestInvoker.invokeTestMethods(TestInvoker.java:146)
at org.testng.internal.TestMethodWorker.invokeTestMethods(TestMethodWorker.java:146)
at org.testng.internal.TestMethodWorker.run(TestMethodWorker.java:128)
at java.base/java.util.ArrayList.forEach(ArrayList.java:1511)
at org.testng.TestRunner.privateRun(TestRunner.java:794)
at org.testng.TestRunner.run(TestRunner.java:596)
at org.testng.SuiteRunner.runTest(SuiteRunner.java:377)
at org.testng.SuiteRunner.access$000(SuiteRunner.java:28)
at org.testng.SuiteRunner$SuiteWorker.run(SuiteRunner.java:418)
at org.testng.internal.thread.ThreadUtil.lambda$execute$0(ThreadUtil.java:64)
at java.base/java.util.concurrent.FutureTask.run(FutureTask.java:264)
at java.base/java.util.concurrent.ThreadPoolExecutor.runWorker(ThreadPoolExecutor.java:1130)
at java.base/java.util.concurrent.ThreadPoolExecutor$Worker.run(ThreadPoolExecutor.java:630)
at java.base/java.lang.Thread.run(Thread.java:831)
]]>
            </full-stacktrace>
          </exception> <!-- java.lang.AssertionError -->
          <reporter-output>
          </reporter-output>
        </test-method> <!-- validateAppTitle -->
        <test-method signature="validateHeader()[pri:0, instance:Academy.E2EProject.validateTitle@610db97e]" started-at="2021-11-17T15:52:23 EET" name="validateHeader" finished-at="2021-11-17T15:52:23 EET" duration-ms="20" status="PASS">
          <reporter-output>
          </reporter-output>
        </test-method> <!-- validateHeader -->
        <test-method is-config="true" signature="teardown()[pri:0, instance:Academy.E2EProject.validateTitle@610db97e]" started-at="2021-11-17T15:52:23 EET" name="teardown" finished-at="2021-11-17T15:52:23 EET" duration-ms="20" status="PASS">
          <reporter-output>
          </reporter-output>
        </test-method> <!-- teardown -->
      </class> <!-- Academy.E2EProject.validateTitle -->
    </test> <!-- Validating title -->
    <test started-at="2021-11-17T15:52:08 EET" name="Validating navigation bar" finished-at="2021-11-17T15:52:23 EET" duration-ms="14797">
      <class name="Academy.E2EProject.validateNavigationBar">
        <test-method is-config="true" signature="initialize()[pri:0, instance:Academy.E2EProject.validateNavigationBar@547e29a4]" started-at="2021-11-17T15:52:08 EET" name="initialize" finished-at="2021-11-17T15:52:23 EET" duration-ms="14736" status="PASS">
          <reporter-output>
          </reporter-output>
        </test-method> <!-- initialize -->
        <test-method signature="validateAppNavBar()[pri:0, instance:Academy.E2EProject.validateNavigationBar@547e29a4]" started-at="2021-11-17T15:52:23 EET" name="validateAppNavBar" finished-at="2021-11-17T15:52:23 EET" duration-ms="33" status="PASS">
          <reporter-output>
          </reporter-output>
        </test-method> <!-- validateAppNavBar -->
        <test-method is-config="true" signature="teardown()[pri:0, instance:Academy.E2EProject.validateNavigationBar@547e29a4]" started-at="2021-11-17T15:52:23 EET" name="teardown" finished-at="2021-11-17T15:52:23 EET" duration-ms="20" status="PASS">
          <reporter-output>
          </reporter-output>
        </test-method> <!-- teardown -->
      </class> <!-- Academy.E2EProject.validateNavigationBar -->
    </test> <!-- Validating navigation bar -->
    <test started-at="2021-11-17T15:52:08 EET" name="Validating user login" finished-at="2021-11-17T15:52:25 EET" duration-ms="16600">
      <class name="Academy.E2EProject.validateUsers">
        <test-method is-config="true" signature="initialize()[pri:0, instance:Academy.E2EProject.validateUsers@79f227a9]" started-at="2021-11-17T15:52:08 EET" name="initialize" finished-at="2021-11-17T15:52:11 EET" duration-ms="2679" status="PASS">
          <reporter-output>
          </reporter-output>
        </test-method> <!-- initialize -->
        <test-method signature="basePageNavigation(java.lang.String,java.lang.String,java.lang.String)[pri:0, instance:Academy.E2EProject.validateUsers@79f227a9]" started-at="2021-11-17T15:52:11 EET" name="basePageNavigation" data-provider="getData" finished-at="2021-11-17T15:52:23 EET" duration-ms="11937" status="PASS">
          <params>
            <param index="0">
              <value>
                <![CDATA[nonrestricteduser@qw.com]]>
              </value>
            </param>
            <param index="1">
              <value>
                <![CDATA[123456]]>
              </value>
            </param>
            <param index="2">
              <value>
                <![CDATA[Restrcited User]]>
              </value>
            </param>
          </params>
          <reporter-output>
          </reporter-output>
        </test-method> <!-- basePageNavigation -->
        <test-method signature="basePageNavigation(java.lang.String,java.lang.String,java.lang.String)[pri:0, instance:Academy.E2EProject.validateUsers@79f227a9]" started-at="2021-11-17T15:52:23 EET" name="basePageNavigation" data-provider="getData" finished-at="2021-11-17T15:52:25 EET" duration-ms="1924" status="PASS">
          <params>
            <param index="0">
              <value>
                <![CDATA[restricteduser@qw.com]]>
              </value>
            </param>
            <param index="1">
              <value>
                <![CDATA[456788]]>
              </value>
            </param>
            <param index="2">
              <value>
                <![CDATA[Non restricted user]]>
              </value>
            </param>
          </params>
          <reporter-output>
          </reporter-output>
        </test-method> <!-- basePageNavigation -->
        <test-method is-config="true" signature="teardown()[pri:0, instance:Academy.E2EProject.validateUsers@79f227a9]" started-at="2021-11-17T15:52:25 EET" name="teardown" finished-at="2021-11-17T15:52:25 EET" duration-ms="16" status="PASS">
          <reporter-output>
          </reporter-output>
        </test-method> <!-- teardown -->
      </class> <!-- Academy.E2EProject.validateUsers -->
    </test> <!-- Validating user login -->
  </suite> <!-- Suite -->
</testng-results>
