<!DOCTYPE html PUBLIC "-//W3C//DTD XHTML 1.1//EN" "https://www.w3.org/TR/xhtml11/DTD/xhtml11.dtd">
<html xmlns="https://www.w3.org/1999/xhtml">
<head>
<meta http-equiv="content-type" content="text/html; charset=UTF-8"/>
<title>TestNG Report</title>
<style type="text/css">table {margin-bottom:10px;border-collapse:collapse;empty-cells:show}th,td {border:1px solid #009;padding:.25em .5em}th {vertical-align:bottom}td {vertical-align:top}table a {font-weight:bold}.stripe td {background-color: #E6EBF9}.num {text-align:right}.passedodd td {background-color: #3F3}.passedeven td {background-color: #0A0}.skippedodd td {background-color: #DDD}.skippedeven td {background-color: #CCC}.failedodd td,.attn {background-color: #F33}.failedeven td,.stripe .attn {background-color: #D00}.stacktrace {white-space:pre;font-family:monospace}.totop {font-size:85%;text-align:center;border-bottom:2px solid #000}.invisible {display:none}</style>
</head>
<body>
<table>
<tr><th>Test</th><th># Passed</th><th># Skipped</th><th># Retried</th><th># Failed</th><th>Time (ms)</th><th>Included Groups</th><th>Excluded Groups</th></tr>
<tr><th colspan="8">Suite</th></tr>
<tr><td><a href="#t0">Smoke</a></td><td class="num">4</td><td class="num">0</td><td class="num">0</td><td class="num">0</td><td class="num">31,461</td><td></td><td></td></tr>
<tr class="stripe"><td><a href="#t1">Regression</a></td><td class="num">1</td><td class="num">0</td><td class="num">0</td><td class="num attn">5</td><td class="num">35,339</td><td></td><td></td></tr>
<tr><th>Total</th><th class="num">5</th><th class="num">0</th><th class="num">0</th><th class="num attn">5</th><th class="num">66,800</th><th colspan="2"></th></tr>
</table>
<table id='summary'><thead><tr><th>Class</th><th>Method</th><th>Start</th><th>Time (ms)</th></tr></thead><tbody><tr><th colspan="4">Suite</th></tr></tbody><tbody id="t0"><tr><th colspan="4">Smoke &#8212; passed</th></tr><tr class="passedeven"><td rowspan="1">TestCases.a01ValidateRegister</td><td><a href="#m0">validateRegister</a></td><td rowspan="1">1641917456338</td><td rowspan="1">2509</td></tr><tr class="passedodd"><td rowspan="1">TestCases.a03ValidateLogin</td><td><a href="#m1">validateLogin</a></td><td rowspan="1">1641917458861</td><td rowspan="1">1402</td></tr><tr class="passedeven"><td rowspan="1">TestCases.a06ValidateAddNewItem</td><td><a href="#m2">validateNewItem</a></td><td rowspan="1">1641917460266</td><td rowspan="1">2052</td></tr><tr class="passedodd"><td rowspan="1">TestCases.a10E2E</td><td><a href="#m3">validateNewItem</a></td><td rowspan="1">1641917462320</td><td rowspan="1">10356</td></tr></tbody>
<tbody id="t1"><tr><th colspan="4">Regression &#8212; failed</th></tr><tr class="failedeven"><td rowspan="1">TestCases.a02RegressionRegister</td><td><a href="#m4">regressRegister</a></td><td rowspan="1">1641917494111</td><td rowspan="1">1876</td></tr><tr class="failedodd"><td rowspan="1">TestCases.a04ValidateLogin_W_InvalidPass</td><td><a href="#m5">validateLogin_W_InvalidPass</a></td><td rowspan="1">1641917496172</td><td rowspan="1">1184</td></tr><tr class="failedeven"><td rowspan="1">TestCases.a05ValidateLogin_W_InvalidUN</td><td><a href="#m6">validateLogin_W_InvalidUN</a></td><td rowspan="1">1641917497498</td><td rowspan="1">1168</td></tr><tr class="failedodd"><td rowspan="1">TestCases.a08ValidateTerms</td><td><a href="#m7">validateTerms</a></td><td rowspan="1">1641917501592</td><td rowspan="1">2134</td></tr><tr class="failedeven"><td rowspan="1">TestCases.a09ValidateAddress</td><td><a href="#m8">validateAddress</a></td><td rowspan="1">1641917503891</td><td rowspan="1">4358</td></tr><tr><th colspan="4">Regression &#8212; passed</th></tr><tr class="passedeven"><td rowspan="1">TestCases.a07ValidateCouponCode</td><td><a href="#m9">validateCouponCode</a></td><td rowspan="1">1641917498788</td><td rowspan="1">2802</td></tr></tbody>
</table>
<h2>Smoke</h2><h3 id="m0">TestCases.a01ValidateRegister#validateRegister</h3><table class="result"><tr><th class="invisible"/></tr></table><p class="totop"><a href="#summary">back to summary</a></p>
<h3 id="m1">TestCases.a03ValidateLogin#validateLogin</h3><table class="result"><tr><th class="invisible"/></tr></table><p class="totop"><a href="#summary">back to summary</a></p>
<h3 id="m2">TestCases.a06ValidateAddNewItem#validateNewItem</h3><table class="result"><tr><th class="invisible"/></tr></table><p class="totop"><a href="#summary">back to summary</a></p>
<h3 id="m3">TestCases.a10E2E#validateNewItem</h3><table class="result"><tr><th class="invisible"/></tr></table><p class="totop"><a href="#summary">back to summary</a></p>
<h2>Regression</h2><h3 id="m4">TestCases.a02RegressionRegister#regressRegister</h3><table class="result"><tr><th>Exception</th></tr><tr><td><div class="stacktrace">java.lang.AssertionError: The specified email already exists
	at org.junit.Assert.fail(Assert.java:89)
	at org.junit.Assert.assertTrue(Assert.java:42)
	at org.junit.Assert.assertFalse(Assert.java:65)
	at TestCases.a02RegressionRegister.regressRegister(a02RegressionRegister.java:63)
	at java.base/java.util.ArrayList.forEach(ArrayList.java:1511)
... Removed 27 stack frames</div></td></tr></table><p class="totop"><a href="#summary">back to summary</a></p>
<h3 id="m5">TestCases.a04ValidateLogin_W_InvalidPass#validateLogin_W_InvalidPass</h3><table class="result"><tr><th>Exception</th></tr><tr><td><div class="stacktrace">java.lang.AssertionError: Login was unsuccessful. Please correct the errors and try again.
Customer is deleted
	at org.junit.Assert.fail(Assert.java:89)
	at org.junit.Assert.assertTrue(Assert.java:42)
	at org.junit.Assert.assertFalse(Assert.java:65)
	at TestCases.a04ValidateLogin_W_InvalidPass.validateLogin_W_InvalidPass(a04ValidateLogin_W_InvalidPass.java:51)
	at java.base/java.util.ArrayList.forEach(ArrayList.java:1511)
... Removed 27 stack frames</div></td></tr></table><p class="totop"><a href="#summary">back to summary</a></p>
<h3 id="m6">TestCases.a05ValidateLogin_W_InvalidUN#validateLogin_W_InvalidUN</h3><table class="result"><tr><th>Exception</th></tr><tr><td><div class="stacktrace">java.lang.AssertionError: Login was unsuccessful. Please correct the errors and try again.
The credentials provided are incorrect
	at org.junit.Assert.fail(Assert.java:89)
	at org.junit.Assert.assertTrue(Assert.java:42)
	at org.junit.Assert.assertFalse(Assert.java:65)
	at TestCases.a05ValidateLogin_W_InvalidUN.validateLogin_W_InvalidUN(a05ValidateLogin_W_InvalidUN.java:51)
	at java.base/java.util.ArrayList.forEach(ArrayList.java:1511)
... Removed 27 stack frames</div></td></tr></table><p class="totop"><a href="#summary">back to summary</a></p>
<h3 id="m7">TestCases.a08ValidateTerms#validateTerms</h3><table class="result"><tr><th>Exception</th></tr><tr><td><div class="stacktrace">java.lang.AssertionError: Please accept the terms of service before the next step.
	at org.junit.Assert.fail(Assert.java:89)
	at org.junit.Assert.assertTrue(Assert.java:42)
	at org.junit.Assert.assertFalse(Assert.java:65)
	at TestCases.a08ValidateTerms.validateTerms(a08ValidateTerms.java:59)
	at java.base/java.util.ArrayList.forEach(ArrayList.java:1511)
... Removed 27 stack frames</div></td></tr></table><p class="totop"><a href="#summary">back to summary</a></p>
<h3 id="m8">TestCases.a09ValidateAddress#validateAddress</h3><table class="result"><tr><th>Exception</th></tr><tr><td><div class="stacktrace">java.lang.AssertionError: Country is required.
	at org.junit.Assert.fail(Assert.java:89)
	at org.junit.Assert.assertTrue(Assert.java:42)
	at org.junit.Assert.assertFalse(Assert.java:65)
	at TestCases.a09ValidateAddress.validateAddress(a09ValidateAddress.java:83)
	at java.base/java.util.ArrayList.forEach(ArrayList.java:1511)
... Removed 27 stack frames</div></td></tr></table><p class="totop"><a href="#summary">back to summary</a></p>
<h3 id="m9">TestCases.a07ValidateCouponCode#validateCouponCode</h3><table class="result"><tr><th class="invisible"/></tr></table><p class="totop"><a href="#summary">back to summary</a></p>
</body>
</html>
